<?xml version="1.0" encoding="UTF-8"?>
<testng-results skipped="0" failed="0" ignored="0" total="0" passed="0">
  <reporter-output>
  </reporter-output>
  <suite name="com.technosm.objecttec.AppTest" duration-ms="2" started-at="2020-07-06T15:12:06Z" finished-at="2020-07-06T15:12:06Z">
    <groups>
    </groups>
    <test name="Command line test" duration-ms="2" started-at="2020-07-06T15:12:06Z" finished-at="2020-07-06T15:12:06Z">
    </test> <!-- Command line test -->
  </suite> <!-- com.technosm.objecttec.AppTest -->
</testng-results>
